0 info it worked if it ends with ok
1 verbose cli [ 'node', '/usr/local/bin/npm', 'run', 'cover' ]
2 info using npm@2.11.2
3 info using node@v0.12.5
4 verbose run-script [ 'precover', 'cover', 'postcover' ]
5 info precover prelude-es6@0.1.9
6 info cover prelude-es6@0.1.9
7 verbose unsafe-perm in lifecycle true
8 info prelude-es6@0.1.9 Failed to exec cover script
9 verbose stack Error: prelude-es6@0.1.9 cover: `istanbul cover _mocha -- --compilers js:babel/register -R spec && cat ./coverage/coverage.json | codecov`
9 verbose stack Exit status 1
9 verbose stack     at EventEmitter.<anonymous> (/usr/local/lib/node_modules/npm/lib/utils/lifecycle.js:213:16)
9 verbose stack     at EventEmitter.emit (events.js:110:17)
9 verbose stack     at ChildProcess.<anonymous> (/usr/local/lib/node_modules/npm/lib/utils/spawn.js:24:14)
9 verbose stack     at ChildProcess.emit (events.js:110:17)
9 verbose stack     at maybeClose (child_process.js:1015:16)
9 verbose stack     at Process.ChildProcess._handle.onexit (child_process.js:1087:5)
10 verbose pkgid prelude-es6@0.1.9
11 verbose cwd /Users/alan.soares/dev/prelude-js
12 error Darwin 14.4.0
13 error argv "node" "/usr/local/bin/npm" "run" "cover"
14 error node v0.12.5
15 error npm  v2.11.2
16 error code ELIFECYCLE
17 error prelude-es6@0.1.9 cover: `istanbul cover _mocha -- --compilers js:babel/register -R spec && cat ./coverage/coverage.json | codecov`
17 error Exit status 1
18 error Failed at the prelude-es6@0.1.9 cover script 'istanbul cover _mocha -- --compilers js:babel/register -R spec && cat ./coverage/coverage.json | codecov'.
18 error This is most likely a problem with the prelude-es6 package,
18 error not with npm itself.
18 error Tell the author that this fails on your system:
18 error     istanbul cover _mocha -- --compilers js:babel/register -R spec && cat ./coverage/coverage.json | codecov
18 error You can get their info via:
18 error     npm owner ls prelude-es6
18 error There is likely additional logging output above.
19 verbose exit [ 1, true ]
